<?xml version="1.0" encoding="UTF-8"?>
<coverage generated="1769627618107" clover="3.2.0">
  <project timestamp="1769627618107" name="All files">
    <metrics statements="105" coveredstatements="102" conditionals="60" coveredconditionals="56" methods="23" coveredmethods="22" elements="188" coveredelements="180" complexity="0" loc="105" ncloc="105" packages="6" files="12" classes="12"/>
    <package name="app">
      <metrics statements="42" coveredstatements="39" conditionals="31" coveredconditionals="28" methods="9" coveredmethods="8"/>
      <file name="_layout.tsx" path="/Users/felipealmeida/workspace/tic-tac-toe/app/_layout.tsx">
        <metrics statements="1" coveredstatements="1" conditionals="0" coveredconditionals="0" methods="1" coveredmethods="1"/>
        <line num="4" count="1" type="stmt"/>
      </file>
      <file name="index.tsx" path="/Users/felipealmeida/workspace/tic-tac-toe/app/index.tsx">
        <metrics statements="34" coveredstatements="31" conditionals="21" coveredconditionals="18" methods="6" coveredmethods="5"/>
        <line num="17" count="1" type="stmt"/>
        <line num="18" count="12" type="stmt"/>
        <line num="20" count="12" type="stmt"/>
        <line num="23" count="12" type="stmt"/>
        <line num="27" count="12" type="stmt"/>
        <line num="28" count="12" type="stmt"/>
        <line num="30" count="12" type="stmt"/>
        <line num="31" count="4" type="stmt"/>
        <line num="33" count="4" type="cond" truecount="2" falsecount="0"/>
        <line num="34" count="1" type="stmt"/>
        <line num="35" count="1" type="cond" truecount="1" falsecount="1"/>
        <line num="36" count="1" type="stmt"/>
        <line num="40" count="4" type="stmt"/>
        <line num="43" count="12" type="stmt"/>
        <line num="45" count="3" type="cond" truecount="2" falsecount="0"/>
        <line num="50" count="1" type="stmt"/>
        <line num="52" count="2" type="stmt"/>
        <line num="53" count="2" type="stmt"/>
        <line num="56" count="2" type="cond" truecount="3" falsecount="1"/>
        <line num="57" count="0" type="stmt"/>
        <line num="58" count="0" type="stmt"/>
        <line num="61" count="2" type="stmt"/>
        <line num="62" count="2" type="cond" truecount="1" falsecount="1"/>
        <line num="63" count="2" type="stmt"/>
        <line num="66" count="2" type="stmt"/>
        <line num="69" count="12" type="stmt"/>
        <line num="70" count="4" type="stmt"/>
        <line num="71" count="4" type="stmt"/>
        <line num="74" count="12" type="stmt"/>
        <line num="76" count="0" type="stmt"/>
        <line num="80" count="12" type="stmt"/>
        <line num="81" count="12" type="cond" truecount="4" falsecount="0"/>
        <line num="82" count="1" type="stmt"/>
        <line num="89" count="12" type="stmt"/>
      </file>
      <file name="result.tsx" path="/Users/felipealmeida/workspace/tic-tac-toe/app/result.tsx">
        <metrics statements="7" coveredstatements="7" conditionals="10" coveredconditionals="10" methods="2" coveredmethods="2"/>
        <line num="8" count="1" type="stmt"/>
        <line num="9" count="4" type="stmt"/>
        <line num="11" count="4" type="stmt"/>
        <line num="13" count="4" type="stmt"/>
        <line num="14" count="4" type="stmt"/>
        <line num="16" count="4" type="stmt"/>
        <line num="30" count="1" type="stmt"/>
      </file>
    </package>
    <package name="components.Board">
      <metrics statements="5" coveredstatements="5" conditionals="0" coveredconditionals="0" methods="3" coveredmethods="3"/>
      <file name="index.tsx" path="/Users/felipealmeida/workspace/tic-tac-toe/components/Board/index.tsx">
        <metrics statements="4" coveredstatements="4" conditionals="0" coveredconditionals="0" methods="3" coveredmethods="3"/>
        <line num="12" count="2" type="stmt"/>
        <line num="13" count="14" type="stmt"/>
        <line num="16" count="126" type="stmt"/>
        <line num="20" count="12" type="stmt"/>
      </file>
      <file name="styles.ts" path="/Users/felipealmeida/workspace/tic-tac-toe/components/Board/styles.ts">
        <metrics statements="1" coveredstatements="1" conditionals="0" coveredconditionals="0" methods="0" coveredmethods="0"/>
        <line num="3" count="2" type="stmt"/>
      </file>
    </package>
    <package name="components.Button">
      <metrics statements="5" coveredstatements="5" conditionals="2" coveredconditionals="1" methods="3" coveredmethods="3"/>
      <file name="index.tsx" path="/Users/felipealmeida/workspace/tic-tac-toe/components/Button/index.tsx">
        <metrics statements="4" coveredstatements="4" conditionals="2" coveredconditionals="1" methods="3" coveredmethods="3"/>
        <line num="10" count="4" type="stmt"/>
        <line num="11" count="26" type="stmt"/>
        <line num="13" count="26" type="cond" truecount="1" falsecount="1"/>
        <line num="14" count="11" type="stmt"/>
      </file>
      <file name="styles.ts" path="/Users/felipealmeida/workspace/tic-tac-toe/components/Button/styles.ts">
        <metrics statements="1" coveredstatements="1" conditionals="0" coveredconditionals="0" methods="0" coveredmethods="0"/>
        <line num="3" count="4" type="stmt"/>
      </file>
    </package>
    <package name="components.PlayerSelector">
      <metrics statements="6" coveredstatements="6" conditionals="2" coveredconditionals="2" methods="3" coveredmethods="3"/>
      <file name="index.tsx" path="/Users/felipealmeida/workspace/tic-tac-toe/components/PlayerSelector/index.tsx">
        <metrics statements="5" coveredstatements="5" conditionals="2" coveredconditionals="2" methods="3" coveredmethods="3"/>
        <line num="12" count="2" type="stmt"/>
        <line num="13" count="9" type="stmt"/>
        <line num="14" count="18" type="stmt"/>
        <line num="17" count="6" type="stmt"/>
        <line num="22" count="9" type="stmt"/>
      </file>
      <file name="styles.ts" path="/Users/felipealmeida/workspace/tic-tac-toe/components/PlayerSelector/styles.ts">
        <metrics statements="1" coveredstatements="1" conditionals="0" coveredconditionals="0" methods="0" coveredmethods="0"/>
        <line num="3" count="2" type="stmt"/>
      </file>
    </package>
    <package name="styles">
      <metrics statements="2" coveredstatements="2" conditionals="0" coveredconditionals="0" methods="0" coveredmethods="0"/>
      <file name="index.styles.ts" path="/Users/felipealmeida/workspace/tic-tac-toe/styles/index.styles.ts">
        <metrics statements="1" coveredstatements="1" conditionals="0" coveredconditionals="0" methods="0" coveredmethods="0"/>
        <line num="3" count="1" type="stmt"/>
      </file>
      <file name="result.styles.ts" path="/Users/felipealmeida/workspace/tic-tac-toe/styles/result.styles.ts">
        <metrics statements="1" coveredstatements="1" conditionals="0" coveredconditionals="0" methods="0" coveredmethods="0"/>
        <line num="3" count="1" type="stmt"/>
      </file>
    </package>
    <package name="util">
      <metrics statements="45" coveredstatements="45" conditionals="25" coveredconditionals="25" methods="5" coveredmethods="5"/>
      <file name="board.ts" path="/Users/felipealmeida/workspace/tic-tac-toe/util/board.ts">
        <metrics statements="45" coveredstatements="45" conditionals="25" coveredconditionals="25" methods="5" coveredmethods="5"/>
        <line num="12" count="5" type="stmt"/>
        <line num="23" count="5" type="stmt"/>
        <line num="24" count="556799" type="stmt"/>
        <line num="25" count="3771871" type="cond" truecount="5" falsecount="0"/>
        <line num="26" count="211727" type="stmt"/>
        <line num="30" count="345072" type="stmt"/>
        <line num="33" count="5" type="stmt"/>
        <line num="34" count="1563846" type="stmt"/>
        <line num="37" count="5" type="stmt"/>
        <line num="38" count="4" type="stmt"/>
        <line num="40" count="4" type="cond" truecount="4" falsecount="0"/>
        <line num="41" count="2" type="stmt"/>
        <line num="44" count="2" type="stmt"/>
        <line num="48" count="556756" type="stmt"/>
        <line num="49" count="556756" type="cond" truecount="2" falsecount="0"/>
        <line num="50" count="423742" type="cond" truecount="2" falsecount="0"/>
        <line num="51" count="345046" type="cond" truecount="2" falsecount="0"/>
        <line num="53" count="298390" type="cond" truecount="2" falsecount="0"/>
        <line num="54" count="182634" type="stmt"/>
        <line num="56" count="182634" type="stmt"/>
        <line num="57" count="1643706" type="cond" truecount="2" falsecount="0"/>
        <line num="58" count="295410" type="stmt"/>
        <line num="59" count="295410" type="stmt"/>
        <line num="60" count="295410" type="stmt"/>
        <line num="61" count="295410" type="stmt"/>
        <line num="65" count="182634" type="stmt"/>
        <line num="67" count="115756" type="stmt"/>
        <line num="69" count="115756" type="stmt"/>
        <line num="70" count="1041804" type="cond" truecount="2" falsecount="0"/>
        <line num="71" count="261330" type="stmt"/>
        <line num="72" count="261330" type="stmt"/>
        <line num="73" count="261330" type="stmt"/>
        <line num="74" count="261330" type="stmt"/>
        <line num="78" count="115756" type="stmt"/>
        <line num="82" count="2" type="stmt"/>
        <line num="83" count="2" type="stmt"/>
        <line num="85" count="2" type="stmt"/>
        <line num="86" count="18" type="cond" truecount="2" falsecount="0"/>
        <line num="87" count="16" type="stmt"/>
        <line num="88" count="16" type="stmt"/>
        <line num="89" count="16" type="stmt"/>
        <line num="91" count="16" type="cond" truecount="2" falsecount="0"/>
        <line num="92" count="2" type="stmt"/>
        <line num="93" count="2" type="stmt"/>
        <line num="98" count="2" type="stmt"/>
      </file>
    </package>
  </project>
</coverage>
