{"/Users/felipealmeida/workspace/tic-tac-toe/app/_layout.tsx": {"path":"/Users/felipealmeida/workspace/tic-tac-toe/app/_layout.tsx","statementMap":{"0":{"start":{"line":4,"column":2},"end":{"line":15,"column":4}}},"fnMap":{"0":{"name":"RootLayout","decl":{"start":{"line":3,"column":24},"end":{"line":3,"column":34}},"loc":{"start":{"line":3,"column":37},"end":{"line":16,"column":1}},"line":3}},"branchMap":{},"s":{"0":1},"f":{"0":1},"b":{},"_coverageSchema":"1a1c01bbd47fc00a2c39e90264f33305004495a9","hash":"eaddf4c3a0bb0e479ffeb6b25e2641dbae92aa37"}
,"/Users/felipealmeida/workspace/tic-tac-toe/app/index.tsx": {"path":"/Users/felipealmeida/workspace/tic-tac-toe/app/index.tsx","statementMap":{"0":{"start":{"line":17,"column":13},"end":{"line":98,"column":1}},"1":{"start":{"line":18,"column":17},"end":{"line":18,"column":28}},"2":{"start":{"line":20,"column":28},"end":{"line":22,"column":3}},"3":{"start":{"line":23,"column":46},"end":{"line":25,"column":3}},"4":{"start":{"line":27,"column":29},"end":{"line":27,"column":45}},"5":{"start":{"line":28,"column":35},"end":{"line":28,"column":53}},"6":{"start":{"line":30,"column":23},"end":{"line":41,"column":3}},"7":{"start":{"line":31,"column":33},"end":{"line":31,"column":63}},"8":{"start":{"line":33,"column":4},"end":{"line":38,"column":5}},"9":{"start":{"line":34,"column":47},"end":{"line":34,"column":72}},"10":{"start":{"line":35,"column":6},"end":{"line":37,"column":7}},"11":{"start":{"line":36,"column":8},"end":{"line":36,"column":58}},"12":{"start":{"line":40,"column":4},"end":{"line":40,"column":23}},"13":{"start":{"line":43,"column":22},"end":{"line":67,"column":3}},"14":{"start":{"line":45,"column":4},"end":{"line":50,"column":13}},"15":{"start":{"line":50,"column":6},"end":{"line":50,"column":13}},"16":{"start":{"line":52,"column":35},"end":{"line":52,"column":45}},"17":{"start":{"line":53,"column":4},"end":{"line":53,"column":38}},"18":{"start":{"line":56,"column":4},"end":{"line":59,"column":5}},"19":{"start":{"line":57,"column":6},"end":{"line":57,"column":25}},"20":{"start":{"line":58,"column":6},"end":{"line":58,"column":13}},"21":{"start":{"line":61,"column":45},"end":{"line":61,"column":70}},"22":{"start":{"line":62,"column":4},"end":{"line":64,"column":5}},"23":{"start":{"line":63,"column":6},"end":{"line":63,"column":56}},"24":{"start":{"line":66,"column":4},"end":{"line":66,"column":23}},"25":{"start":{"line":69,"column":24},"end":{"line":72,"column":3}},"26":{"start":{"line":70,"column":4},"end":{"line":70,"column":30}},"27":{"start":{"line":71,"column":4},"end":{"line":71,"column":25}},"28":{"start":{"line":74,"column":2},"end":{"line":78,"column":4}},"29":{"start":{"line":76,"column":6},"end":{"line":76,"column":37}},"30":{"start":{"line":80,"column":2},"end":{"line":87,"column":40}},"31":{"start":{"line":81,"column":4},"end":{"line":86,"column":5}},"32":{"start":{"line":82,"column":6},"end":{"line":85,"column":9}},"33":{"start":{"line":89,"column":2},"end":{"line":97,"column":4}}},"fnMap":{"0":{"name":"(anonymous_0)","decl":{"start":{"line":17,"column":13},"end":{"line":17,"column":14}},"loc":{"start":{"line":17,"column":19},"end":{"line":98,"column":1}},"line":17},"1":{"name":"(anonymous_1)","decl":{"start":{"line":30,"column":23},"end":{"line":30,"column":24}},"loc":{"start":{"line":30,"column":52},"end":{"line":41,"column":3}},"line":30},"2":{"name":"(anonymous_2)","decl":{"start":{"line":43,"column":22},"end":{"line":43,"column":23}},"loc":{"start":{"line":43,"column":41},"end":{"line":67,"column":3}},"line":43},"3":{"name":"(anonymous_3)","decl":{"start":{"line":69,"column":24},"end":{"line":69,"column":25}},"loc":{"start":{"line":69,"column":48},"end":{"line":72,"column":3}},"line":69},"4":{"name":"(anonymous_4)","decl":{"start":{"line":75,"column":16},"end":{"line":75,"column":17}},"loc":{"start":{"line":75,"column":22},"end":{"line":77,"column":5}},"line":75},"5":{"name":"(anonymous_5)","decl":{"start":{"line":80,"column":12},"end":{"line":80,"column":13}},"loc":{"start":{"line":80,"column":18},"end":{"line":87,"column":3}},"line":80}},"branchMap":{"0":{"loc":{"start":{"line":33,"column":4},"end":{"line":38,"column":5}},"type":"if","locations":[{"start":{"line":33,"column":4},"end":{"line":38,"column":5}},{"start":{},"end":{}}],"line":33},"1":{"loc":{"start":{"line":35,"column":6},"end":{"line":37,"column":7}},"type":"if","locations":[{"start":{"line":35,"column":6},"end":{"line":37,"column":7}},{"start":{},"end":{}}],"line":35},"2":{"loc":{"start":{"line":45,"column":4},"end":{"line":50,"column":13}},"type":"if","locations":[{"start":{"line":45,"column":4},"end":{"line":50,"column":13}},{"start":{},"end":{}}],"line":45},"3":{"loc":{"start":{"line":46,"column":6},"end":{"line":48,"column":22}},"type":"binary-expr","locations":[{"start":{"line":46,"column":6},"end":{"line":46,"column":40}},{"start":{"line":47,"column":6},"end":{"line":47,"column":38}},{"start":{"line":48,"column":6},"end":{"line":48,"column":22}}],"line":46},"4":{"loc":{"start":{"line":56,"column":4},"end":{"line":59,"column":5}},"type":"if","locations":[{"start":{"line":56,"column":4},"end":{"line":59,"column":5}},{"start":{},"end":{}}],"line":56},"5":{"loc":{"start":{"line":56,"column":8},"end":{"line":56,"column":66}},"type":"binary-expr","locations":[{"start":{"line":56,"column":8},"end":{"line":56,"column":47}},{"start":{"line":56,"column":51},"end":{"line":56,"column":66}}],"line":56},"6":{"loc":{"start":{"line":62,"column":4},"end":{"line":64,"column":5}},"type":"if","locations":[{"start":{"line":62,"column":4},"end":{"line":64,"column":5}},{"start":{},"end":{}}],"line":62},"7":{"loc":{"start":{"line":81,"column":4},"end":{"line":86,"column":5}},"type":"if","locations":[{"start":{"line":81,"column":4},"end":{"line":86,"column":5}},{"start":{},"end":{}}],"line":81},"8":{"loc":{"start":{"line":81,"column":8},"end":{"line":81,"column":53}},"type":"binary-expr","locations":[{"start":{"line":81,"column":8},"end":{"line":81,"column":34}},{"start":{"line":81,"column":38},"end":{"line":81,"column":53}}],"line":81},"9":{"loc":{"start":{"line":91,"column":7},"end":{"line":95,"column":7}},"type":"cond-expr","locations":[{"start":{"line":92,"column":8},"end":{"line":92,"column":56}},{"start":{"line":94,"column":8},"end":{"line":94,"column":57}}],"line":91}},"s":{"0":1,"1":12,"2":12,"3":12,"4":12,"5":12,"6":12,"7":4,"8":4,"9":1,"10":1,"11":1,"12":4,"13":12,"14":3,"15":1,"16":2,"17":2,"18":2,"19":0,"20":0,"21":2,"22":2,"23":2,"24":2,"25":12,"26":4,"27":4,"28":12,"29":0,"30":12,"31":12,"32":1,"33":12},"f":{"0":12,"1":4,"2":3,"3":4,"4":0,"5":12},"b":{"0":[1,3],"1":[1,0],"2":[1,2],"3":[3,3,2],"4":[0,2],"5":[2,2],"6":[2,0],"7":[1,11],"8":[12,11],"9":[6,6]},"_coverageSchema":"1a1c01bbd47fc00a2c39e90264f33305004495a9","hash":"5cfc155fb4719543bf32a7a681896755bcb9b3e2"}
,"/Users/felipealmeida/workspace/tic-tac-toe/app/result.tsx": {"path":"/Users/felipealmeida/workspace/tic-tac-toe/app/result.tsx","statementMap":{"0":{"start":{"line":8,"column":15},"end":{"line":33,"column":1}},"1":{"start":{"line":9,"column":17},"end":{"line":9,"column":28}},"2":{"start":{"line":11,"column":21},"end":{"line":11,"column":68}},"3":{"start":{"line":13,"column":26},"end":{"line":13,"column":33}},"4":{"start":{"line":14,"column":29},"end":{"line":14,"column":55}},"5":{"start":{"line":16,"column":2},"end":{"line":32,"column":4}},"6":{"start":{"line":30,"column":44},"end":{"line":30,"column":57}}},"fnMap":{"0":{"name":"(anonymous_0)","decl":{"start":{"line":8,"column":15},"end":{"line":8,"column":16}},"loc":{"start":{"line":8,"column":21},"end":{"line":33,"column":1}},"line":8},"1":{"name":"(anonymous_1)","decl":{"start":{"line":30,"column":38},"end":{"line":30,"column":39}},"loc":{"start":{"line":30,"column":44},"end":{"line":30,"column":57}},"line":30}},"branchMap":{"0":{"loc":{"start":{"line":21,"column":10},"end":{"line":21,"column":35}},"type":"binary-expr","locations":[{"start":{"line":21,"column":10},"end":{"line":21,"column":16}},{"start":{"line":21,"column":20},"end":{"line":21,"column":35}}],"line":21},"1":{"loc":{"start":{"line":22,"column":10},"end":{"line":22,"column":67}},"type":"binary-expr","locations":[{"start":{"line":22,"column":10},"end":{"line":22,"column":17}},{"start":{"line":22,"column":22},"end":{"line":22,"column":66}}],"line":22},"2":{"loc":{"start":{"line":22,"column":22},"end":{"line":22,"column":66}},"type":"cond-expr","locations":[{"start":{"line":22,"column":34},"end":{"line":22,"column":48}},{"start":{"line":22,"column":51},"end":{"line":22,"column":66}}],"line":22},"3":{"loc":{"start":{"line":25,"column":9},"end":{"line":27,"column":59}},"type":"cond-expr","locations":[{"start":{"line":26,"column":12},"end":{"line":26,"column":25}},{"start":{"line":27,"column":12},"end":{"line":27,"column":59}}],"line":25},"4":{"loc":{"start":{"line":27,"column":19},"end":{"line":27,"column":45}},"type":"cond-expr","locations":[{"start":{"line":27,"column":31},"end":{"line":27,"column":36}},{"start":{"line":27,"column":39},"end":{"line":27,"column":45}}],"line":27}},"s":{"0":1,"1":4,"2":4,"3":4,"4":4,"5":4,"6":1},"f":{"0":4,"1":1},"b":{"0":[4,1],"1":[4,3],"2":[2,1],"3":[1,3],"4":[2,1]},"_coverageSchema":"1a1c01bbd47fc00a2c39e90264f33305004495a9","hash":"61896367771b2112f2b22b84a0e7429680b14e45"}
,"/Users/felipealmeida/workspace/tic-tac-toe/components/Board/index.tsx": {"path":"/Users/felipealmeida/workspace/tic-tac-toe/components/Board/index.tsx","statementMap":{"0":{"start":{"line":12,"column":14},"end":{"line":27,"column":1}},"1":{"start":{"line":13,"column":2},"end":{"line":26,"column":4}},"2":{"start":{"line":16,"column":8},"end":{"line":23,"column":27}},"3":{"start":{"line":20,"column":25},"end":{"line":20,"column":43}}},"fnMap":{"0":{"name":"(anonymous_0)","decl":{"start":{"line":12,"column":14},"end":{"line":12,"column":15}},"loc":{"start":{"line":12,"column":58},"end":{"line":27,"column":1}},"line":12},"1":{"name":"(anonymous_1)","decl":{"start":{"line":15,"column":33},"end":{"line":15,"column":34}},"loc":{"start":{"line":16,"column":8},"end":{"line":23,"column":27}},"line":16},"2":{"name":"(anonymous_2)","decl":{"start":{"line":20,"column":19},"end":{"line":20,"column":20}},"loc":{"start":{"line":20,"column":25},"end":{"line":20,"column":43}},"line":20}},"branchMap":{},"s":{"0":2,"1":14,"2":126,"3":12},"f":{"0":14,"1":126,"2":12},"b":{},"_coverageSchema":"1a1c01bbd47fc00a2c39e90264f33305004495a9","hash":"13dad3e1d975012295c8aa981edfcce2b1efb1a7"}
,"/Users/felipealmeida/workspace/tic-tac-toe/components/Board/styles.ts": {"path":"/Users/felipealmeida/workspace/tic-tac-toe/components/Board/styles.ts","statementMap":{"0":{"start":{"line":3,"column":22},"end":{"line":23,"column":2}}},"fnMap":{},"branchMap":{},"s":{"0":2},"f":{},"b":{},"_coverageSchema":"1a1c01bbd47fc00a2c39e90264f33305004495a9","hash":"c2f691bf1198107baaf91534294975572b7fce1e"}
,"/Users/felipealmeida/workspace/tic-tac-toe/components/Button/index.tsx": {"path":"/Users/felipealmeida/workspace/tic-tac-toe/components/Button/index.tsx","statementMap":{"0":{"start":{"line":10,"column":15},"end":{"line":19,"column":1}},"1":{"start":{"line":11,"column":2},"end":{"line":18,"column":4}},"2":{"start":{"line":13,"column":30},"end":{"line":13,"column":78}},"3":{"start":{"line":14,"column":21},"end":{"line":14,"column":30}}},"fnMap":{"0":{"name":"(anonymous_0)","decl":{"start":{"line":10,"column":15},"end":{"line":10,"column":16}},"loc":{"start":{"line":10,"column":55},"end":{"line":19,"column":1}},"line":10},"1":{"name":"(anonymous_1)","decl":{"start":{"line":13,"column":13},"end":{"line":13,"column":14}},"loc":{"start":{"line":13,"column":30},"end":{"line":13,"column":78}},"line":13},"2":{"name":"(anonymous_2)","decl":{"start":{"line":14,"column":15},"end":{"line":14,"column":16}},"loc":{"start":{"line":14,"column":21},"end":{"line":14,"column":30}},"line":14}},"branchMap":{"0":{"loc":{"start":{"line":13,"column":46},"end":{"line":13,"column":77}},"type":"binary-expr","locations":[{"start":{"line":13,"column":46},"end":{"line":13,"column":53}},{"start":{"line":13,"column":57},"end":{"line":13,"column":77}}],"line":13}},"s":{"0":4,"1":26,"2":26,"3":11},"f":{"0":26,"1":26,"2":11},"b":{"0":[26,0]},"_coverageSchema":"1a1c01bbd47fc00a2c39e90264f33305004495a9","hash":"21a65d1b99a482846cd37e02b8e4c5168d2a1601"}
,"/Users/felipealmeida/workspace/tic-tac-toe/components/Button/styles.ts": {"path":"/Users/felipealmeida/workspace/tic-tac-toe/components/Button/styles.ts","statementMap":{"0":{"start":{"line":3,"column":22},"end":{"line":44,"column":2}}},"fnMap":{},"branchMap":{},"s":{"0":4},"f":{},"b":{},"_coverageSchema":"1a1c01bbd47fc00a2c39e90264f33305004495a9","hash":"7a50e9fc89146556276236a561f9b90a3361ebfc"}
,"/Users/felipealmeida/workspace/tic-tac-toe/components/PlayerSelector/index.tsx": {"path":"/Users/felipealmeida/workspace/tic-tac-toe/components/PlayerSelector/index.tsx","statementMap":{"0":{"start":{"line":12,"column":23},"end":{"line":32,"column":1}},"1":{"start":{"line":13,"column":29},"end":{"line":20,"column":3}},"2":{"start":{"line":14,"column":4},"end":{"line":19,"column":6}},"3":{"start":{"line":17,"column":23},"end":{"line":17,"column":44}},"4":{"start":{"line":22,"column":2},"end":{"line":31,"column":4}}},"fnMap":{"0":{"name":"(anonymous_0)","decl":{"start":{"line":12,"column":23},"end":{"line":12,"column":24}},"loc":{"start":{"line":12,"column":71},"end":{"line":32,"column":1}},"line":12},"1":{"name":"(anonymous_1)","decl":{"start":{"line":13,"column":29},"end":{"line":13,"column":30}},"loc":{"start":{"line":13,"column":53},"end":{"line":20,"column":3}},"line":13},"2":{"name":"(anonymous_2)","decl":{"start":{"line":17,"column":17},"end":{"line":17,"column":18}},"loc":{"start":{"line":17,"column":23},"end":{"line":17,"column":44}},"line":17}},"branchMap":{"0":{"loc":{"start":{"line":16,"column":14},"end":{"line":16,"column":61}},"type":"cond-expr","locations":[{"start":{"line":16,"column":43},"end":{"line":16,"column":48}},{"start":{"line":16,"column":51},"end":{"line":16,"column":61}}],"line":16}},"s":{"0":2,"1":9,"2":18,"3":6,"4":9},"f":{"0":9,"1":18,"2":6},"b":{"0":[9,9]},"_coverageSchema":"1a1c01bbd47fc00a2c39e90264f33305004495a9","hash":"0e51e05e1b85963afd38f4f37df3db59387fe67c"}
,"/Users/felipealmeida/workspace/tic-tac-toe/components/PlayerSelector/styles.ts": {"path":"/Users/felipealmeida/workspace/tic-tac-toe/components/PlayerSelector/styles.ts","statementMap":{"0":{"start":{"line":3,"column":22},"end":{"line":47,"column":2}}},"fnMap":{},"branchMap":{},"s":{"0":2},"f":{},"b":{},"_coverageSchema":"1a1c01bbd47fc00a2c39e90264f33305004495a9","hash":"2cb928bf67ce481dc4b1ff9e2c5bf75f33fdc270"}
,"/Users/felipealmeida/workspace/tic-tac-toe/styles/index.styles.ts": {"path":"/Users/felipealmeida/workspace/tic-tac-toe/styles/index.styles.ts","statementMap":{"0":{"start":{"line":3,"column":22},"end":{"line":10,"column":2}}},"fnMap":{},"branchMap":{},"s":{"0":1},"f":{},"b":{},"_coverageSchema":"1a1c01bbd47fc00a2c39e90264f33305004495a9","hash":"d5359309eb86b47e9f63e824dcf9688aecedc72a"}
,"/Users/felipealmeida/workspace/tic-tac-toe/styles/result.styles.ts": {"path":"/Users/felipealmeida/workspace/tic-tac-toe/styles/result.styles.ts","statementMap":{"0":{"start":{"line":3,"column":22},"end":{"line":25,"column":2}}},"fnMap":{},"branchMap":{},"s":{"0":1},"f":{},"b":{},"_coverageSchema":"1a1c01bbd47fc00a2c39e90264f33305004495a9","hash":"4ce9a9a626cef26caefba2bcd601c0c5b1982637"}
,"/Users/felipealmeida/workspace/tic-tac-toe/util/board.ts": {"path":"/Users/felipealmeida/workspace/tic-tac-toe/util/board.ts","statementMap":{"0":{"start":{"line":12,"column":41},"end":{"line":21,"column":1}},"1":{"start":{"line":23,"column":25},"end":{"line":31,"column":1}},"2":{"start":{"line":24,"column":2},"end":{"line":28,"column":3}},"3":{"start":{"line":25,"column":4},"end":{"line":27,"column":5}},"4":{"start":{"line":26,"column":6},"end":{"line":26,"column":22}},"5":{"start":{"line":30,"column":2},"end":{"line":30,"column":25}},"6":{"start":{"line":33,"column":27},"end":{"line":35,"column":1}},"7":{"start":{"line":34,"column":2},"end":{"line":34,"column":57}},"8":{"start":{"line":34,"column":31},"end":{"line":34,"column":55}},"9":{"start":{"line":37,"column":31},"end":{"line":99,"column":1}},"10":{"start":{"line":38,"column":29},"end":{"line":38,"column":45}},"11":{"start":{"line":40,"column":2},"end":{"line":42,"column":3}},"12":{"start":{"line":41,"column":4},"end":{"line":41,"column":16}},"13":{"start":{"line":44,"column":35},"end":{"line":80,"column":3}},"14":{"start":{"line":48,"column":38},"end":{"line":48,"column":54}},"15":{"start":{"line":49,"column":4},"end":{"line":49,"column":56}},"16":{"start":{"line":49,"column":47},"end":{"line":49,"column":56}},"17":{"start":{"line":50,"column":4},"end":{"line":50,"column":53}},"18":{"start":{"line":50,"column":43},"end":{"line":50,"column":53}},"19":{"start":{"line":51,"column":4},"end":{"line":51,"column":37}},"20":{"start":{"line":51,"column":28},"end":{"line":51,"column":37}},"21":{"start":{"line":53,"column":4},"end":{"line":79,"column":5}},"22":{"start":{"line":54,"column":22},"end":{"line":54,"column":31}},"23":{"start":{"line":56,"column":6},"end":{"line":63,"column":7}},"24":{"start":{"line":56,"column":19},"end":{"line":56,"column":20}},"25":{"start":{"line":57,"column":8},"end":{"line":62,"column":9}},"26":{"start":{"line":58,"column":10},"end":{"line":58,"column":41}},"27":{"start":{"line":59,"column":24},"end":{"line":59,"column":62}},"28":{"start":{"line":60,"column":10},"end":{"line":60,"column":37}},"29":{"start":{"line":61,"column":10},"end":{"line":61,"column":49}},"30":{"start":{"line":65,"column":6},"end":{"line":65,"column":23}},"31":{"start":{"line":67,"column":22},"end":{"line":67,"column":30}},"32":{"start":{"line":69,"column":6},"end":{"line":76,"column":7}},"33":{"start":{"line":69,"column":19},"end":{"line":69,"column":20}},"34":{"start":{"line":70,"column":8},"end":{"line":75,"column":9}},"35":{"start":{"line":71,"column":10},"end":{"line":71,"column":37}},"36":{"start":{"line":72,"column":32},"end":{"line":72,"column":69}},"37":{"start":{"line":73,"column":10},"end":{"line":73,"column":37}},"38":{"start":{"line":74,"column":10},"end":{"line":74,"column":49}},"39":{"start":{"line":78,"column":6},"end":{"line":78,"column":23}},"40":{"start":{"line":82,"column":32},"end":{"line":82,"column":36}},"41":{"start":{"line":83,"column":18},"end":{"line":83,"column":27}},"42":{"start":{"line":85,"column":2},"end":{"line":96,"column":3}},"43":{"start":{"line":85,"column":15},"end":{"line":85,"column":16}},"44":{"start":{"line":86,"column":4},"end":{"line":95,"column":5}},"45":{"start":{"line":87,"column":23},"end":{"line":87,"column":33}},"46":{"start":{"line":88,"column":6},"end":{"line":88,"column":40}},"47":{"start":{"line":89,"column":28},"end":{"line":89,"column":69}},"48":{"start":{"line":91,"column":6},"end":{"line":94,"column":7}},"49":{"start":{"line":92,"column":8},"end":{"line":92,"column":26}},"50":{"start":{"line":93,"column":8},"end":{"line":93,"column":21}},"51":{"start":{"line":98,"column":2},"end":{"line":98,"column":18}}},"fnMap":{"0":{"name":"(anonymous_0)","decl":{"start":{"line":23,"column":25},"end":{"line":23,"column":26}},"loc":{"start":{"line":23,"column":62},"end":{"line":31,"column":1}},"line":23},"1":{"name":"(anonymous_1)","decl":{"start":{"line":33,"column":27},"end":{"line":33,"column":28}},"loc":{"start":{"line":33,"column":61},"end":{"line":35,"column":1}},"line":33},"2":{"name":"(anonymous_2)","decl":{"start":{"line":34,"column":21},"end":{"line":34,"column":22}},"loc":{"start":{"line":34,"column":31},"end":{"line":34,"column":55}},"line":34},"3":{"name":"(anonymous_3)","decl":{"start":{"line":37,"column":31},"end":{"line":37,"column":32}},"loc":{"start":{"line":37,"column":71},"end":{"line":99,"column":1}},"line":37},"4":{"name":"(anonymous_4)","decl":{"start":{"line":44,"column":35},"end":{"line":44,"column":36}},"loc":{"start":{"line":47,"column":15},"end":{"line":80,"column":3}},"line":47}},"branchMap":{"0":{"loc":{"start":{"line":25,"column":4},"end":{"line":27,"column":5}},"type":"if","locations":[{"start":{"line":25,"column":4},"end":{"line":27,"column":5}},{"start":{},"end":{}}],"line":25},"1":{"loc":{"start":{"line":25,"column":8},"end":{"line":25,"column":66}},"type":"binary-expr","locations":[{"start":{"line":25,"column":8},"end":{"line":25,"column":16}},{"start":{"line":25,"column":20},"end":{"line":25,"column":41}},{"start":{"line":25,"column":45},"end":{"line":25,"column":66}}],"line":25},"2":{"loc":{"start":{"line":40,"column":2},"end":{"line":42,"column":3}},"type":"if","locations":[{"start":{"line":40,"column":2},"end":{"line":42,"column":3}},{"start":{},"end":{}}],"line":40},"3":{"loc":{"start":{"line":40,"column":6},"end":{"line":40,"column":54}},"type":"binary-expr","locations":[{"start":{"line":40,"column":6},"end":{"line":40,"column":32}},{"start":{"line":40,"column":36},"end":{"line":40,"column":54}}],"line":40},"4":{"loc":{"start":{"line":49,"column":4},"end":{"line":49,"column":56}},"type":"if","locations":[{"start":{"line":49,"column":4},"end":{"line":49,"column":56}},{"start":{},"end":{}}],"line":49},"5":{"loc":{"start":{"line":50,"column":4},"end":{"line":50,"column":53}},"type":"if","locations":[{"start":{"line":50,"column":4},"end":{"line":50,"column":53}},{"start":{},"end":{}}],"line":50},"6":{"loc":{"start":{"line":51,"column":4},"end":{"line":51,"column":37}},"type":"if","locations":[{"start":{"line":51,"column":4},"end":{"line":51,"column":37}},{"start":{},"end":{}}],"line":51},"7":{"loc":{"start":{"line":53,"column":4},"end":{"line":79,"column":5}},"type":"if","locations":[{"start":{"line":53,"column":4},"end":{"line":79,"column":5}},{"start":{"line":66,"column":11},"end":{"line":79,"column":5}}],"line":53},"8":{"loc":{"start":{"line":57,"column":8},"end":{"line":62,"column":9}},"type":"if","locations":[{"start":{"line":57,"column":8},"end":{"line":62,"column":9}},{"start":{},"end":{}}],"line":57},"9":{"loc":{"start":{"line":70,"column":8},"end":{"line":75,"column":9}},"type":"if","locations":[{"start":{"line":70,"column":8},"end":{"line":75,"column":9}},{"start":{},"end":{}}],"line":70},"10":{"loc":{"start":{"line":86,"column":4},"end":{"line":95,"column":5}},"type":"if","locations":[{"start":{"line":86,"column":4},"end":{"line":95,"column":5}},{"start":{},"end":{}}],"line":86},"11":{"loc":{"start":{"line":91,"column":6},"end":{"line":94,"column":7}},"type":"if","locations":[{"start":{"line":91,"column":6},"end":{"line":94,"column":7}},{"start":{},"end":{}}],"line":91}},"s":{"0":5,"1":5,"2":556799,"3":3771871,"4":211727,"5":345072,"6":5,"7":345063,"8":1563846,"9":5,"10":4,"11":4,"12":2,"13":2,"14":556756,"15":556756,"16":133014,"17":423742,"18":78696,"19":345046,"20":46656,"21":298390,"22":182634,"23":182634,"24":182634,"25":1643706,"26":295410,"27":295410,"28":295410,"29":295410,"30":182634,"31":115756,"32":115756,"33":115756,"34":1041804,"35":261330,"36":261330,"37":261330,"38":261330,"39":115756,"40":2,"41":2,"42":2,"43":2,"44":18,"45":16,"46":16,"47":16,"48":16,"49":2,"50":2,"51":2},"f":{"0":556799,"1":345063,"2":1563846,"3":4,"4":556756},"b":{"0":[211727,3560144],"1":[3771871,3182702,1107423],"2":[2,2],"3":[4,3],"4":[133014,423742],"5":[78696,345046],"6":[46656,298390],"7":[182634,115756],"8":[295410,1348296],"9":[261330,780474],"10":[16,2],"11":[2,14]},"_coverageSchema":"1a1c01bbd47fc00a2c39e90264f33305004495a9","hash":"0df85e17b35ac9134af45f6237f7d9520728d5d7"}
}
