TN:
SF:app/_layout.tsx
FN:3,RootLayout
FNF:1
FNH:1
FNDA:1,RootLayout
DA:4,1
LF:1
LH:1
BRF:0
BRH:0
end_of_record
TN:
SF:app/index.tsx
FN:17,(anonymous_0)
FN:30,(anonymous_1)
FN:43,(anonymous_2)
FN:69,(anonymous_3)
FN:75,(anonymous_4)
FN:80,(anonymous_5)
FNF:6
FNH:5
FNDA:12,(anonymous_0)
FNDA:4,(anonymous_1)
FNDA:3,(anonymous_2)
FNDA:4,(anonymous_3)
FNDA:0,(anonymous_4)
FNDA:12,(anonymous_5)
DA:17,1
DA:18,12
DA:20,12
DA:23,12
DA:27,12
DA:28,12
DA:30,12
DA:31,4
DA:33,4
DA:34,1
DA:35,1
DA:36,1
DA:40,4
DA:43,12
DA:45,3
DA:50,1
DA:52,2
DA:53,2
DA:56,2
DA:57,0
DA:58,0
DA:61,2
DA:62,2
DA:63,2
DA:66,2
DA:69,12
DA:70,4
DA:71,4
DA:74,12
DA:76,0
DA:80,12
DA:81,12
DA:82,1
DA:89,12
LF:34
LH:31
BRDA:33,0,0,1
BRDA:33,0,1,3
BRDA:35,1,0,1
BRDA:35,1,1,0
BRDA:45,2,0,1
BRDA:45,2,1,2
BRDA:46,3,0,3
BRDA:46,3,1,3
BRDA:46,3,2,2
BRDA:56,4,0,0
BRDA:56,4,1,2
BRDA:56,5,0,2
BRDA:56,5,1,2
BRDA:62,6,0,2
BRDA:62,6,1,0
BRDA:81,7,0,1
BRDA:81,7,1,11
BRDA:81,8,0,12
BRDA:81,8,1,11
BRDA:91,9,0,6
BRDA:91,9,1,6
BRF:21
BRH:18
end_of_record
TN:
SF:app/result.tsx
FN:8,(anonymous_0)
FN:30,(anonymous_1)
FNF:2
FNH:2
FNDA:4,(anonymous_0)
FNDA:1,(anonymous_1)
DA:8,1
DA:9,4
DA:11,4
DA:13,4
DA:14,4
DA:16,4
DA:30,1
LF:7
LH:7
BRDA:21,0,0,4
BRDA:21,0,1,1
BRDA:22,1,0,4
BRDA:22,1,1,3
BRDA:22,2,0,2
BRDA:22,2,1,1
BRDA:25,3,0,1
BRDA:25,3,1,3
BRDA:27,4,0,2
BRDA:27,4,1,1
BRF:10
BRH:10
end_of_record
TN:
SF:components/Board/index.tsx
FN:12,(anonymous_0)
FN:15,(anonymous_1)
FN:20,(anonymous_2)
FNF:3
FNH:3
FNDA:14,(anonymous_0)
FNDA:126,(anonymous_1)
FNDA:12,(anonymous_2)
DA:12,2
DA:13,14
DA:16,126
DA:20,12
LF:4
LH:4
BRF:0
BRH:0
end_of_record
TN:
SF:components/Board/styles.ts
FNF:0
FNH:0
DA:3,2
LF:1
LH:1
BRF:0
BRH:0
end_of_record
TN:
SF:components/Button/index.tsx
FN:10,(anonymous_0)
FN:13,(anonymous_1)
FN:14,(anonymous_2)
FNF:3
FNH:3
FNDA:26,(anonymous_0)
FNDA:26,(anonymous_1)
FNDA:11,(anonymous_2)
DA:10,4
DA:11,26
DA:13,26
DA:14,11
LF:4
LH:4
BRDA:13,0,0,26
BRDA:13,0,1,0
BRF:2
BRH:1
end_of_record
TN:
SF:components/Button/styles.ts
FNF:0
FNH:0
DA:3,4
LF:1
LH:1
BRF:0
BRH:0
end_of_record
TN:
SF:components/PlayerSelector/index.tsx
FN:12,(anonymous_0)
FN:13,(anonymous_1)
FN:17,(anonymous_2)
FNF:3
FNH:3
FNDA:9,(anonymous_0)
FNDA:18,(anonymous_1)
FNDA:6,(anonymous_2)
DA:12,2
DA:13,9
DA:14,18
DA:17,6
DA:22,9
LF:5
LH:5
BRDA:16,0,0,9
BRDA:16,0,1,9
BRF:2
BRH:2
end_of_record
TN:
SF:components/PlayerSelector/styles.ts
FNF:0
FNH:0
DA:3,2
LF:1
LH:1
BRF:0
BRH:0
end_of_record
TN:
SF:styles/index.styles.ts
FNF:0
FNH:0
DA:3,1
LF:1
LH:1
BRF:0
BRH:0
end_of_record
TN:
SF:styles/result.styles.ts
FNF:0
FNH:0
DA:3,1
LF:1
LH:1
BRF:0
BRH:0
end_of_record
TN:
SF:util/board.ts
FN:23,(anonymous_0)
FN:33,(anonymous_1)
FN:34,(anonymous_2)
FN:37,(anonymous_3)
FN:44,(anonymous_4)
FNF:5
FNH:5
FNDA:556799,(anonymous_0)
FNDA:345063,(anonymous_1)
FNDA:1563846,(anonymous_2)
FNDA:4,(anonymous_3)
FNDA:556756,(anonymous_4)
DA:12,5
DA:23,5
DA:24,556799
DA:25,3771871
DA:26,211727
DA:30,345072
DA:33,5
DA:34,1563846
DA:37,5
DA:38,4
DA:40,4
DA:41,2
DA:44,2
DA:48,556756
DA:49,556756
DA:50,423742
DA:51,345046
DA:53,298390
DA:54,182634
DA:56,182634
DA:57,1643706
DA:58,295410
DA:59,295410
DA:60,295410
DA:61,295410
DA:65,182634
DA:67,115756
DA:69,115756
DA:70,1041804
DA:71,261330
DA:72,261330
DA:73,261330
DA:74,261330
DA:78,115756
DA:82,2
DA:83,2
DA:85,2
DA:86,18
DA:87,16
DA:88,16
DA:89,16
DA:91,16
DA:92,2
DA:93,2
DA:98,2
LF:45
LH:45
BRDA:25,0,0,211727
BRDA:25,0,1,3560144
BRDA:25,1,0,3771871
BRDA:25,1,1,3182702
BRDA:25,1,2,1107423
BRDA:40,2,0,2
BRDA:40,2,1,2
BRDA:40,3,0,4
BRDA:40,3,1,3
BRDA:49,4,0,133014
BRDA:49,4,1,423742
BRDA:50,5,0,78696
BRDA:50,5,1,345046
BRDA:51,6,0,46656
BRDA:51,6,1,298390
BRDA:53,7,0,182634
BRDA:53,7,1,115756
BRDA:57,8,0,295410
BRDA:57,8,1,1348296
BRDA:70,9,0,261330
BRDA:70,9,1,780474
BRDA:86,10,0,16
BRDA:86,10,1,2
BRDA:91,11,0,2
BRDA:91,11,1,14
BRF:25
BRH:25
end_of_record
